<?xml version="1.0" encoding="UTF-8"?>
<testng-results skipped="0" failed="0" ignored="0" total="3" passed="3">
  <reporter-output>
  </reporter-output>
  <suite name="Default suite" duration-ms="98946" started-at="2020-12-19T21:40:18Z" finished-at="2020-12-19T21:41:57Z">
    <groups>
    </groups>
    <test name="Default test" duration-ms="98946" started-at="2020-12-19T21:40:18Z" finished-at="2020-12-19T21:41:57Z">
      <class name="org.LogicMaintaince.Logic">
        <test-method status="PASS" signature="homePage()[pri:0, instance:org.LogicMaintaince.Logic@1fdc050]" name="homePage" duration-ms="54248" started-at="2020-12-19T21:40:18Z" finished-at="2020-12-19T21:41:12Z">
          <reporter-output>
          </reporter-output>
        </test-method> <!-- homePage -->
        <test-method status="PASS" signature="search()[pri:0, instance:org.LogicMaintaince.Logic@1fdc050]" name="search" duration-ms="5834" started-at="2020-12-19T21:41:12Z" finished-at="2020-12-19T21:41:18Z">
          <reporter-output>
          </reporter-output>
        </test-method> <!-- search -->
        <test-method status="PASS" signature="source()[pri:0, instance:org.LogicMaintaince.Logic@1fdc050]" name="source" duration-ms="38774" started-at="2020-12-19T21:41:18Z" finished-at="2020-12-19T21:41:57Z">
          <reporter-output>
          </reporter-output>
        </test-method> <!-- source -->
      </class> <!-- org.LogicMaintaince.Logic -->
    </test> <!-- Default test -->
  </suite> <!-- Default suite -->
</testng-results>
